<?xml version="1.0" encoding="utf-8"?><testsuites><testsuite name="pytest" errors="0" failures="0" skipped="0" tests="8" time="0.924" timestamp="2022-07-24T23:50:34.783488" hostname="Abdulrahmans-MacBook-Pro.local"><testcase classname="apps.statistics.tests.test_api.test_csv_file_upload" name="test_upload_csv_file_success" time="0.288" /><testcase classname="apps.statistics.tests.test_api.test_csv_file_upload" name="test_upload_csv_file_without_including_the_file" time="0.003" /><testcase classname="apps.statistics.tests.test_models.test_csvdata_model" name="test_csvdata_object_creation" time="0.003" /><testcase classname="apps.statistics.tests.test_models.test_csvdata_model" name="test_csvdata_obj_default_values_after_creation" time="0.002" /><testcase classname="apps.statistics.tests.test_models.test_csvdata_model" name="test_core_queryset_activate" time="0.004" /><testcase classname="apps.statistics.tests.test_models.test_csvdata_model" name="test_core_queryset_deactivate" time="0.005" /><testcase classname="apps.statistics.tests.test_models.test_statistics_file_upload_model" name="test_csvdata_object_creation" time="0.521" /><testcase classname="apps.statistics.tests.test_models.test_statistics_file_upload_model" name="test_csvdata_object_creation_failure" time="0.025" /></testsuite></testsuites>